{
  "RSpec": {
    "coverage": {
      "/Users/user/Sites/clio/clio-in-out-stub/app/models/user.rb": [
        1,
        null,
        null,
        null,
        1,
        null,
        null,
        null,
        1,
        null,
        2,
        null,
        null,
        1,
        null,
        1,
        null,
        1,
        1,
        null,
        1,
        0,
        null,
        null,
        1,
        2,
        null,
        null,
        1,
        32,
        null,
        null,
        1,
        0,
        0,
        0,
        0,
        null,
        null,
        null,
        null
      ],
      "/Users/user/Sites/clio/clio-in-out-stub/app/controllers/application_controller.rb": [
        1,
        null,
        1,
        null,
        null
      ],
      "/Users/user/Sites/clio/clio-in-out-stub/app/helpers/application_helper.rb": [
        1,
        null,
        1,
        null,
        null,
        null,
        null,
        0,
        null,
        null,
        null,
        1,
        0,
        0,
        null,
        0,
        null,
        null,
        null,
        null
      ],
      "/Users/user/Sites/clio/clio-in-out-stub/app/helpers/teams_helper.rb": [
        1,
        null
      ],
      "/Users/user/Sites/clio/clio-in-out-stub/app/controllers/teams_controller.rb": [
        1,
        1,
        1,
        null,
        null,
        1,
        6,
        6,
        3,
        3,
        null,
        3,
        3,
        null,
        null,
        null,
        1,
        1,
        null,
        null,
        1,
        2,
        2,
        2,
        2,
        null,
        null,
        1,
        1,
        null,
        null,
        1,
        1,
        null,
        null,
        1,
        5,
        5,
        3,
        3,
        null,
        2,
        2,
        null,
        null,
        null,
        null,
        1,
        4,
        4,
        2,
        2,
        2,
        null,
        4,
        1,
        1,
        null,
        null,
        null
      ],
      "/Users/user/Sites/clio/clio-in-out-stub/app/models/team.rb": [
        1,
        1,
        1,
        1,
        1,
        null
      ],
      "/Users/user/Sites/clio/clio-in-out-stub/app/controllers/users_controller.rb": [
        1,
        1,
        null,
        1,
        1,
        null,
        null,
        1,
        0,
        0,
        0,
        null,
        null,
        1,
        0,
        null,
        null,
        1,
        0,
        null,
        null,
        1,
        0,
        0,
        0,
        null,
        null,
        1,
        null,
        1,
        0,
        0,
        0,
        null,
        null,
        null,
        null
      ],
      "/Users/user/Sites/clio/clio-in-out-stub/app/models/teamship.rb": [
        1,
        null,
        1,
        1,
        null,
        4,
        null
      ]
    },
    "timestamp": 1409684535
  }
}
